100c3208	tseng
10239320	trident
10de0280	nv
10de0281	nv
10de0282	nv
10de0286	nv
10de0288	nv
10de0289	nv
10024144	radeon
10024145	radeon
10024146	radeon
10024147	radeon
1002514f	radeon
1002514e	radeon
1002514d	radeon
1002514c	radeon
1002514b	radeon
1002514a	radeon
10239880	trident
3d3d3d04	glint
10238400	trident
104c3d07	glint
10025147	radeon
10025146	radeon
10025145	radeon
80867123	i810
80867125	i810
102b051e	mga
10025149	radeon
10025148	radeon
10de00a0	nv
10238820	trident
126f0810	siliconmotion
126f0811	siliconmotion
10024242	radeon
1002544c	vga
533388f0	s3
533388f1	s3
533388f2	s3
533388f3	s3
101300bc	cirrus
15ad0710	sunbw2
100e9100	vga
53338c12	savage
53338c13	savage
53338c10	savage
53338c11	savage
101300b8	cirrus
10025446	vga
101300b0	cirrus
10395300	sis
10239440	trident
15ad0405	sunbw2
10de0258	nv
10024c54	ati
10024c57	radeon
10024c51	ati
10024c50	ati
10024c53	ati
10024c52	ati
3d3d1004	glint
10024c59	radeon
10024c58	radeon
10239430	trident
10de0008	nv
10de0009	nv
10de025b	nv
10390315	sis
10024c5a	radeon
10390310	sis
10de0253	nv
10de0252	nv
10de0251	nv
10de0250	nv
10de0312	nv
10de0259	nv
10de0311	nv
10de017b	nv
10de017c	nv
10de017a	nv
53338882	vga
53338883	vga
53338880	vga
53338881	vga
12d20029	nv
12d20028	nv
10239660	trident
12d2002c	nv
11426422	i128
10de0172	nv
10de0170	nv
10de0171	nv
10de0176	nv
10024336	radeon
10de0174	nv
10de0175	nv
533388c3	vga
533388c2	vga
533388c1	vga
533388c0	vga
53338811	s3
53338810	s3
53338813	s3
53338812	s3
53338815	s3
53338814	s3
101300a0	cirrus
101300a2	cirrus
101300a4	cirrus
101300a8	cirrus
3d3d0002	glint
3d3d0004	glint
3d3d0005	glint
3d3d0006	glint
3d3d0009	glint
53339102	savage
80863582	i810
101300ac	cirrus
10238520	trident
80867121	i810
10c80006	neomagic
10c80004	neomagic
10c80005	neomagic
10c80002	neomagic
10c80003	neomagic
10c80001	neomagic
10024c64	radeon
10024c65	radeon
10024c66	radeon
10024c67	radeon
10024654	ati
10024158	ati
80861132	i810
3d3d000a	glint
100c3202	tseng
100c3207	tseng
100c3206	tseng
100c3205	tseng
10239385	trident
10239382	trident
53338d02	savage
102b2527	mga
53338d04	savage
102b051a	mga
102b051b	mga
102b0d10	mga
109200a0	cirrus
102b051f	mga
12d20018	nv
12d20019	nv
102b0519	mga
102b0518	mga
53338c01	s3virge
53338c03	s3virge
10025455	vga
10025454	vga
101300e8	cirrus
10025453	vga
10025452	vga
10130038	vga
10238620	trident
10de0179	nv
102b1000	mga
102b1001	mga
10396236	sis
10239420	trident
10239930	trident
53335631	s3virge
10024d46	r128
53338a10	s3virge
1002474f	ati
10de0300	nv
1002474d	ati
10de0302	nv
1002474c	ati
10de0309	nv
10de0308	nv
10238420	trident
102c00b8	chips
10024747	ati
10024744	ati
10024742	ati
10024749	ati
10024d4c	r128
10110004	tga
40052301	vga
40052302	vga
40052303	vga
102b0520	mga
102b0521	mga
10396300	sis
10396306	sis
102b0525	mga
10780104	geode
1142643d	apm
10de0112	nv
10239682	trident
10c80016	neomagic
1002516a	radeon
1002516c	radeon
1002516b	radeon
10024751	ati
126f0712	siliconmotion
100e9000	vga
11630001	vga
100e9002	vga
1023939a	trident
10de0188	nv
10de0020	nv
10c80083	neomagic
10de0183	nv
10de0182	nv
10de0181	nv
10de0028	nv
10de0029	nv
10025169	radeon
10025168	radeon
12d20020	nv
10de002d	nv
10de002e	nv
10de002f	nv
10de002a	nv
10239397	trident
10de002c	nv
10de018b	nv
10de018a	nv
10de0338	nv
10390205	sis
10de0331	nv
10390200	sis
533388d2	s3
533388d3	s3
533388d0	s3
533388d1	s3
10024554	ati
53338907	s3
53338906	s3
53338905	s3
53338904	vesa
53338903	vesa
53338901	vesa
53338900	vesa
53338909	s3
53338908	s3
5333883d	s3virge
101300d6	cirrus
101300d4	cirrus
101300d2	cirrus
101300d0	cirrus
53010001	apm
102b2007	mga
10de002b	nv
5333890f	s3
5333890e	s3
5333890d	s3
5333890c	s3
5333890b	s3
5333890a	s3
102b0010	mga
edd8a099	vga
533388b1	vga
edd8a091	vga
10c80025	neomagic
10238500	trident
10de0330	nv
126f0720	siliconmotion
53338a01	s3virge
53338c26	savage
53338c24	savage
53338c22	savage
10024758	ati
10239680	trident
10239685	trident
100e9001	vga
10024750	ati
10024753	ati
10024752	ati
10de0301	nv
10025157	radeon
10024e48	radeon
10024e44	radeon
10024e45	radeon
10024e46	radeon
10024e47	radeon
10025158	radeon
10025159	radeon
1002474e	ati
10de0200	nv
10de0201	nv
10de0202	nv
126f0820	siliconmotion
80867800	i740
53338c2f	savage
53338c2e	savage
53338c2d	savage
53338c2c	savage
53338c2b	savage
53338c2a	savage
12d200a0	nv
1002515a	radeon
80863577	i810
80862572	i810
80862562	i810
10024c4d	ati
10024c4e	ati
10239759	trident
10239750	trident
10de0103	nv
10de0101	nv
10de0100	nv
edd8a0a1	vga
10780002	geode
10780000	geode
10024c42	ati
10024c46	r128
10024c47	ati
10024c44	ati
10024c45	r128
10024c49	ati
10239525	trident
10239520	trident
10239910	trident
10239850	trident
10131202	vga
10131200	vga
10131204	vga
11632000	vga
126f0710	siliconmotion
10de0322	nv
10de0321	nv
10de0324	nv
10024354	ati
121a0009	tdfx
121a0005	tdfx
121a0004	tdfx
121a0003	tdfx
10024358	ati
10de032b	nv
126f0910	siliconmotion
533388b0	vga
3d3d0100	glint
533388b2	vga
533388b3	vga
10395597	sis
10de01f0	nv
53338801	s3
10024966	radeon
10024967	radeon
10024964	radeon
10024965	radeon
10396325	sis
10396326	sis
10025961	radeon
10239388	trident
