06751702	hisax
0e110046	cciss
0e110508	tmspci
0e11a0fc	cpqfc
0e11ae10	cpqarray
0e11ae32	tlan
0e11ae34	tlan
0e11ae35	tlan
0e11ae40	tlan
0e11ae43	tlan
0e11b011	tlan
0e11b012	tlan
0e11b030	tlan
0e11b060	cciss
0e11b178	cciss
0e11f130	tlan
0e11f150	tlan
10000001	ncr53c8xx
10000002	sym53c8xx
10000003	ncr53c8xx
10000004	ncr53c8xx
10000005	sym53c8xx
10000006	sym53c8xx
1000000a	sym53c8xx
1000000b	sym53c8xx
1000000c	sym53c8xx
1000000d	sym53c8xx
1000000f	sym53c8xx
10000010	sym53c8xx
10000012	sym53c8xx
10000013	sym53c8xx
10000020	sym53c8xx
10000021	sym53c8xx
10000030	mptscsih
10000032	mptscsih
10000040	mptscsih
1000008f	sym53c8xx
10000621	mptscsih
10000622	mptscsih
10000623	mptscsih
10000624	mptscsih
10000625	mptscsih
10000626	mptscsih
10000627	mptscsih
10000628	mptscsih
10000629	mptscsih
10000701	yellowfin
10000702	yellowfin
10001960	megaraid
10019100	initio
10024144	radeonfb
10024145	radeonfb
10024146	radeonfb
10024e48	radeonfb
1002514d	radeonfb
1002514e	radeonfb
1002514f	radeonfb
1002516c	radeonfb
10040105	vlsi_ir
100b0020	natsemi
100b0022	ns83820
10110002	tulip
10110009	tulip
1011000f	defxx
10110014	tulip
10110019	tulip
1011001a	acenic
10110046	cpqarray
10111065	c4
10131010	cs46xx
10131014	cs46xx
10131100	i82365
10131110	i82365
10136001	cs46xx
10136003	cs46xx
10136004	cs46xx
10136005	cs4281
10140018	lanstreamer
1014002e	ips
1014003e	olympic
1014005c	e100
101401bd	ips
101401be	ips
101401bf	ips
1014022e	ips
101a0005	hp100
101e0471	megaraid
101e0493	megaraid
101e1028	megaraid
101e1960	megaraid
101e9010	megaraid
101e9060	megaraid
101e9063	megarac
10222000	pcnet32
10222001	pcnet32
10222020	tmscsim
10227006	agpgart
1022740c	usb-ohci
10227410	amd76xrom
10227440	amd76xrom
10227443	hw_random
10227445	i810_audio
10227462	amd8111e
1022746b	hw_random
1022746d	i810_audio
10232000	trident
10232001	trident
10239540	tridentfb
10251541	agpgart
10280001	aacraid
10280002	aacraid
10280003	aacraid
10280004	aacraid
10280005	aacraid
10280006	aacraid
10280007	racser
10280008	racser
1028000a	aacraid
1028000c	racser
1028000d	racser
1028000e	megaraid
1028000f	megaraid
10360000	fdomain
10390530	agpgart
10390540	agpgart
10390620	agpgart
10390630	agpgart
10390900	sis900
10397012	i810_audio
10397016	sis900
10397018	trident
103c1030	hp100
103c1031	hp100
103c1048	serial
103c1290	serial
10430675	hisax
1044a400	eata
1044a501	dpt_i2o
1044a511	dpt_i2o
10481000	hisax
10483000	hisax
104a0981	tulip
104a2774	tulip
104b0140	BusLogic
104b1040	BusLogic
104b8130	BusLogic
104c8000	pcilynx
104c8400	acx100_pci
104c8401	acx100_pci
104cac12	i82365
104cac13	i82365
104cac15	i82365
104cac16	i82365
104cac17	i82365
104cac19	i82365
104cac1a	i82365
104cac1b	i82365
104cac1c	i82365
104cac1d	i82365
104cac1e	i82365
104cac1f	i82365
104cac30	i82365
104cac40	i82365
104cac41	i82365
104cac42	i82365
104cac50	i82365
104cac51	i82365
104cac52	i82365
104cac53	i82365
10500000	ne2k-pci
10500840	winbond-840
10500940	ne2k-pci
10505a5a	ne2k-pci
10506692	hisax
10690001	DAC960
10690002	DAC960
10690010	DAC960
10690050	DAC960
1069ba55	DAC960
1069ba56	DAC960
106b0018	ohci1394
106b0021	sungem
106b0024	sungem
106b0030	ohci1394
10730003	ymfpci
10730004	ymfpci
10730005	ymfpci
10730006	ymfpci
10730008	ymfpci
1073000a	ymfpci
1073000c	ymfpci
1073000d	ymfpci
10730010	ymfpci
10730012	ymfpci
10730020	ymfpci
10771016	qla1280
10771020	isp_mod
10771022	qlogicisp
10771080	qla1280
10771216	qla1280
10771240	qla1280
10771280	qla1280
10772020	qlogicisp
10772100	qla2100
10772200	qla2200
10772300	qla2300
10772312	qla2300
10780103	kahlua
107e0004	iph5526
107e0005	iph5526
107e0008	iphase
108d0002	ibmtr
108d0004	ibmtr
108d0005	ibmtr
108d0007	ibmtr
108d0012	tlan
108d0013	tlan
108d0014	tlan
108d0019	tlan
108e1001	sunhme
108e1101	sungem
108e1102	ohci1394
108e2bad	sungem
109e0350	bttv
109e0351	bttv
109e0369	bttv
109e036c	bttv
109e036e	bttv
109e036f	bttv
109e0370	bttv
109e0878	btaudio
109e0879	btaudio
109e0880	btaudio
10a90003	serial
10a90009	acenic
10b3b106	i82365
10b51076	serial
10b51077	serial
10b51103	serial
10b59050	parport_pc
10b60002	abyss
10b70001	acenic
10b73390	tmspci
10b73590	3c559
10b74500	3c59x
10b75055	3c59x
10b75057	3c59x
10b75157	3c59x
10b75257	3c59x
10b75900	3c59x
10b75920	3c59x
10b75950	3c59x
10b75951	3c59x
10b75952	3c59x
10b75970	3c59x
10b75b57	3c59x
10b76055	3c59x
10b76056	3c59x
10b76560	3c59x
10b76561	3c59x
10b76562	3c59x
10b76563	3c59x
10b76564	3c59x
10b77646	3c59x
10b77770	orinoco_plx
10b79000	3c59x
10b79001	3c59x
10b79004	3c59x
10b79005	3c59x
10b79006	3c59x
10b7900a	3c59x
10b79050	3c59x
10b79051	3c59x
10b79055	3c59x
10b79056	3c59x
10b79058	3c59x
10b7905a	3c59x
10b79200	3c59x
10b79201	3c59x
10b79300	tulip
10b79800	3c59x
10b79805	3c59x
10b79900	typhoon
10b79902	typhoon
10b79903	typhoon
10b79904	typhoon
10b79905	typhoon
10b79908	typhoon
10b79909	typhoon
10b7990a	typhoon
10b7990b	typhoon
10b80005	epic100
10b80006	epic100
10b95261	dmfe
10b95451	trident
10b95455	ali5455
10bd0e34	ne2k-pci
10c31100	e100
10c8008f	ad1848
10c81028	ad1848
10c88005	nm256_audio
10c88006	nm256_audio
10cd1200	advansys
10cd1300	advansys
10cd2300	advansys
10cd2500	advansys
10d90512	tulip
10d90531	tulip
10d98625	tulip
10da0508	tmspci
10de006a	i810_audio
10de00da	i810_audio
10de01b1	i810_audio
10ea2000	cyber2000fb
10ea2010	cyber2000fb
10ea5000	cyber2000fb
10ea5050	trident
10ec8029	ne2k-pci
10ec8129	8139too
10ec8138	8139too
10ec8139	8139too
10ec8169	r8169
10ee3fc4	rme96xx
10fc0005	nsp32
11011060	a100u2w
11019100	initio
11019400	initio
11019401	initio
11019500	initio
11020002	emu10k1
11020004	audigy
11027002	emu10k1-gp
11027003	emu10k1-gp
11028938	es1371
11030004	hpt366
11060501	agpgart
11060597	agpgart
11060598	agpgart
11060686	parport_pc
11060691	agpgart
11060926	ne2k-pci
11063043	via-rhine
11063053	via-rhine
11063058	via82cxxx_audio
11063059	via82cxxx_audio
11063065	via-rhine
11063106	via-rhine
11066100	via-rhine
11068305	agpgart
110a2102	dscc4
11131211	8139too
11131216	tulip
11131217	tulip
11139511	tulip
11190000	gdth
11190001	gdth
11190002	gdth
11190003	gdth
11190004	gdth
11190005	gdth
11190006	gdth
11190007	gdth
11190008	gdth
11190009	gdth
1119000a	gdth
1119000b	gdth
1119000c	gdth
1119000d	gdth
11190100	gdth
11190101	gdth
11190102	gdth
11190103	gdth
11190104	gdth
11190105	gdth
11190110	gdth
11190111	gdth
11190112	gdth
11190113	gdth
11190114	gdth
11190115	gdth
11190118	gdth
11190119	gdth
1119011a	gdth
1119011b	gdth
11190120	gdth
11190121	gdth
11190122	gdth
11190123	gdth
11190124	gdth
11190125	gdth
11190136	gdth
11190137	gdth
11190138	gdth
11190139	gdth
1119013a	gdth
1119013b	gdth
1119013c	gdth
1119013d	gdth
1119013e	gdth
1119013f	gdth
11190166	gdth
11190167	gdth
11190168	gdth
11190169	gdth
1119016a	gdth
1119016b	gdth
1119016c	gdth
1119016d	gdth
1119016e	gdth
1119016f	gdth
111901d6	gdth
111901d7	gdth
111901f6	gdth
111901f7	gdth
111901fc	gdth
111901fd	gdth
111901fe	gdth
111901ff	gdth
11190210	gdth
11190211	gdth
11190260	gdth
11190261	gdth
11190300	gdth
111a0000	eni
111a0002	eni
111a1023	orinoco_plx
111d0001	nicstar
1133e001	hisax
1133e002	hisax
1133e003	hisax
1133e004	hisax
1133e005	hisax
1133e00b	hisax
11458007	nsp32
1145f007	nsp32
1145f010	nsp32
1145f012	nsp32
1145f013	nsp32
1145f015	nsp32
11484000	skfp
11484200	tmspci
11484300	sk98lin
11484400	tg3
114f0003	dgrs
114f0004	epca
114f0005	epca
114f0006	epca
114f0009	epca
114f0070	hisax
114f0071	hisax
114f0072	hisax
114f0073	hisax
115d0003	xircom_cb
115d0005	xircom_cb
115d0007	xircom_cb
115d000b	xircom_cb
115d000f	xircom_cb
115d0101	xircom_cb
115d0103	xircom_cb
11790603	i82365
1179060a	i82365
1179060f	i82365
11790701	toshoboe
11790d01	toshoboe
11800465	i82365
11800466	i82365
11800475	i82365
11800476	i82365
11800477	i82365
11800478	i82365
11860100	tulip
11861002	sundance
11861300	8139too
11861340	8139too
11861561	tulip
11864000	dl2k
11918002	atp870u
11918010	atp870u
11918020	atp870u
11918030	atp870u
11918040	atp870u
11918050	atp870u
119b1221	i82365
119e0001	firestream
119e0003	firestream
11ad0002	tulip
11adc115	tulip
11b00002	sdladrv
11c10480	serial
11cb2000	sx
11d41889	ad1889
11de6057	zr36067
11de6120	hisax
11e35030	pcwd
11f60112	hp100
11f61401	ne2k-pci
11f62011	winbond-840
11f62201	ne2k-pci
11f69881	tulip
120e0300	pc300
120e0301	pc300
120e0310	pc300
120e0311	pc300
120e0320	pc300
120e0321	pc300
120f0001	rrunner
12176729	i82365
1217673a	i82365
12176832	i82365
12176836	i82365
12176872	i82365
12440700	b1pci
12440a00	hisax
12440e00	hisax_fcpcipnp
12441200	t1pci
124d0004	istallion
12564201	pci2220i
12564401	pci2220i
12565201	pci2000
12592560	e100
1259a117	8139too
125b1400	tulip
125d1948	maestro
125d1968	maestro
125d1969	esssolo1
125d1978	maestro
125d1988	maestro3
125d1998	maestro3
125d199a	maestro3
12603873	orinoco_pci
12660001	e100
126c8030	orinoco_plx
12741371	es1371
12745000	es1370
12745880	es1371
127a1004	serial
12829009	dmfe
12829100	dmfe
12829102	dmfe
12829132	dmfe
12850100	maestro
12ae0001	acenic
12ae0002	acenic
12ae00fa	acenic
12b91008	serial
12c30058	ne2k-pci
12c35598	ne2k-pci
12d20008	Server:SVGA
12eb0001	au8820
12eb0002	au8830
13170981	tulip
13170985	tulip
13171985	tulip
13179511	tulip
13180911	hamachi
13190801	forte
131f1000	serial
131f1001	serial
131f1002	serial
131f1010	parport_serial
131f1011	parport_serial
131f1012	parport_serial
131f1020	parport_pc
131f1021	parport_pc
131f1030	serial
131f1031	serial
131f1032	serial
131f1034	parport_serial
131f1035	parport_serial
131f1036	parport_serial
131f1050	serial
131f1051	serial
131f1052	serial
131f2000	serial
131f2001	serial
131f2002	serial
131f2010	parport_serial
131f2011	parport_serial
131f2012	parport_serial
131f2020	parport_pc
131f2021	parport_pc
131f2030	serial
131f2031	serial
131f2032	serial
131f2040	parport_serial
131f2041	parport_serial
131f2042	parport_serial
131f2050	serial
131f2051	serial
131f2052	serial
131f2060	parport_serial
131f2061	parport_serial
131f2062	parport_serial
13325415	umem
13325425	umem
134a0001	dtc
134a0002	dtc
135c0010	serial
135c0020	serial
135c0050	serial
135c0060	serial
135e7101	serial
135e7201	serial
135e7202	serial
135e7401	serial
135e7402	serial
135e7801	serial
136bff01	meye
13854100	orinoco_plx
1385620a	acenic
1385630a	acenic
13890001	applicom
13931040	mxser
13931680	mxser
13932040	moxa
13932180	moxa
13933200	moxa
13972bd0	hisax
13c00010	synclink
13c00030	synclinkmp
13c00210	synclink
13c11000	3w-xxxx
13c11001	3w-xxxx
13c11002	3w-xxxx
13d1ab02	tulip
13d1ab06	8139too
13f00201	sundance
13f60100	cmpci
13f60101	cmpci
13f60111	cmpci
13f60211	cmpci
14001401	epic100
14070100	serial
14070101	serial
14070102	serial
14070200	serial
14070201	serial
14070202	serial
14070500	serial
14070600	serial
14078000	parport_pc
14078002	parport_pc
14078003	parport_pc
14078800	parport_pc
14097168	parport_pc
14158403	parport_pc
14159501	serial
14159511	serial
14159521	serial
14b90001	airo
14b90340	airo
14b90350	airo
14b94500	airo
14b94800	airo
14d28001	parport_pc
14d28010	serial
14d28011	parport_serial
14d28020	serial
14d28021	parport_serial
14d28040	serial
14d28080	serial
14d2a001	serial
14d2a003	serial
14d2a004	serial
14d2a005	serial
14db2120	parport_pc
14e41644	tg3
14e41645	tg3
14e41646	tg3
14e41647	tg3
14e41648	tg3
14e4164d	tg3
14e41653	tg3
14e4165d	tg3
14e41696	tg3
14e4169c	tg3
14e416a6	tg3
14e416a7	tg3
14e416a8	tg3
14e416c6	tg3
14e416c7	tg3
14e44401	b44
14e44402	b44
14e45820	bcm5820
14e45821	bcm5820
14eaab06	8139too
14eaab07	8139too
14f11803	tulip
15001360	8139too
15160803	fealnx
15160891	fealnx
1571a001	com20020-pci
1571a002	com20020-pci
1571a003	com20020-pci
1571a004	com20020-pci
1571a005	com20020-pci
1571a006	com20020-pci
1571a007	com20020-pci
1571a008	com20020-pci
1571a009	com20020-pci
1571a00a	com20020-pci
1571a00b	com20020-pci
1571a00c	com20020-pci
1571a00d	com20020-pci
1571a201	com20020-pci
1571a202	com20020-pci
1571a203	com20020-pci
1571a204	com20020-pci
1571a205	com20020-pci
1571a206	com20020-pci
15920782	parport_pc
15920783	parport_pc
15e80130	orinoco_plx
16190400	farsync
16190440	farsync
16381100	orinoco_plx
16ab1100	orinoco_plx
16ab1101	orinoco_plx
16ab1102	orinoco_plx
16ec3685	orinoco_plx
173b03e8	tg3
173b03ea	tg3
17438139	8139too
1d44a400	eata
1de10391	dc3x5
1de12020	tmscsim
40331360	8139too
416c0100	parport_pc
49161960	rcpci
4a145000	ne2k-pci
50461001	radio-maxiradio
5333ca00	sonicvibes
66660001	serial
66660002	serial
80860039	tulip
808603a2	megaraid
80860438	megaraid
80860466	megaraid
80860467	megaraid
80860600	gdth
808609a0	megaraid
80861000	e1000
80861001	e1000
80861002	e100
80861004	e1000
80861008	e1000
80861009	e1000
8086100c	e1000
8086100d	e1000
8086100e	e1000
8086100f	e1000
80861010	e1000
80861011	e1000
80861012	e1000
80861013	e1000
80861015	e1000
80861016	e1000
80861017	e1000
80861018	e1000
80861019	e1000
8086101d	e1000
8086101e	e1000
80861028	megaraid
80861029	e100
80861030	e100
80861031	e100
80861032	e100
80861033	e100
80861034	e100
80861035	e100
80861036	e100
80861037	e100
80861038	e100
80861039	e100
8086103a	e100
8086103b	e100
8086103c	e100
8086103d	e100
8086103e	e100
80861050	e100
80861051	e100
80861052	e100
80861053	e100
80861054	e100
80861055	e100
80861059	e100
808610c6	megaraid
808610c7	megaraid
808610cc	megaraid
80861111	megaraid
80861130	agpgart
8086113c	megaraid
80861209	e100
80861221	i82365
80861222	i82365
80861227	e100
80861228	e100
80861229	e100
80861960	serial
80861a21	agpgart
80861a31	agpgart
80862415	i810_audio
80862418	i810_rng
80862425	i810_audio
80862428	i810_rng
80862440	ich2rom
80862445	i810_audio
80862448	i810_rng
80862449	e100
8086244e	i810_rng
80862459	e100
8086245d	e100
8086245e	i810_rng
80862480	ich2rom
80862485	i810_audio
808624c5	i810_audio
808624d1	ata_piix
808624d5	i810_audio
80862530	agpgart
80862531	agpgart
80862532	agpgart
80862533	agpgart
80862572	intelfb
80863092	i2o_block
80863575	agpgart
80863582	intelfb
80865200	e100
80865201	e100
8086530d	pci
80867120	agpgart
80867122	agpgart
80867124	agpgart
80867180	agpgart
80867190	agpgart
80867191	agpgart
80867195	i810_audio
808671a0	agpgart
80869621	i2o_block
80869622	i2o_block
80869641	i2o_block
808696a1	i2o_block
8086b555	umem
8e2e3000	ne2k-pci
90041078	aic7xxx
90042178	aic7xxx
90043860	aic7xxx
90045075	aic7xxx
90045078	aic7xxx
90045175	aic7xxx
90045178	aic7xxx
90045275	aic7xxx
90045278	aic7xxx
90045375	aic7xxx
90045378	aic7xxx
90045475	aic7xxx
90045478	aic7xxx
90045575	aic7xxx
90045578	aic7xxx
90045675	aic7xxx
90045678	aic7xxx
90045775	aic7xxx
90045778	aic7xxx
90045800	aic7xxx
90046038	aic7xxx
90046075	aic7xxx
90046078	aic7xxx
90046178	aic7xxx
90046278	aic7xxx
90046378	aic7xxx
90046478	aic7xxx
90046578	aic7xxx
90046678	aic7xxx
90046778	aic7xxx
90046915	starfire
90047078	aic7xxx
90047178	aic7xxx
90047278	aic7xxx
90047378	aic7xxx
90047478	aic7xxx
90047578	aic7xxx
90047678	aic7xxx
90047778	aic7xxx
90047810	aic7xxx
90047815	aic7xxx
90047850	aic7xxx
90047855	aic7xxx
90047860	aic7xxx
90047870	aic7xxx
90047871	aic7xxx
90047872	aic7xxx
90047873	aic7xxx
90047874	aic7xxx
90047880	aic7xxx
90047890	aic7xxx
90047891	aic7xxx
90047892	aic7xxx
90047893	aic7xxx
90047894	aic7xxx
90047895	aic7xxx
90047896	aic7xxx
90047897	aic7xxx
90048078	aic7xxx
90048178	aic7xxx
90048278	aic7xxx
90048378	aic7xxx
90048478	aic7xxx
90048578	aic7xxx
90048678	aic7xxx
90048778	aic7xxx
90048878	aic7xxx
9004ec78	aic7xxx
90050010	aic7xxx
90050011	aic7xxx
90050013	aic7xxx
9005001f	aic7xxx
90050020	aic7xxx
9005002f	aic7xxx
90050030	aic7xxx
9005003f	aic7xxx
90050050	aic7xxx
90050051	aic7xxx
90050053	aic7xxx
9005005f	aic7xxx
90050080	aic7xxx
90050081	aic7xxx
90050083	aic7xxx
9005008f	aic7xxx
900500c0	aic7xxx
900500c1	aic7xxx
900500c3	aic7xxx
900500c5	aic7xxx
900500cf	aic7xxx
90050250	ips
90050285	aacraid
90058000	aic79xx
9005800f	aic79xx
90058010	aic79xx
90058011	aic79xx
90058012	aic79xx
90058013	aic79xx
90058014	aic79xx
9005801d	aic79xx
9005801e	aic79xx
9005801f	aic79xx
90058080	aic79xx
9005808f	aic79xx
90058090	aic79xx
90058091	aic79xx
90058092	aic79xx
90058093	aic79xx
90058094	aic79xx
90058095	aic79xx
90058096	aic79xx
90058097	aic79xx
9005809c	aic79xx
9005809d	aic79xx
9005809e	aic79xx
9005809f	aic79xx
97109815	parport_pc
e1590001	hisax
e1590002	hisax
ec80ec00	orinoco_plx
